mode: set
github.com/nataliabalvarez/backpack-bcgow6-natalia-alvarez/testing/calculadora/calculadora.go:4.27,6.2 1 1
github.com/nataliabalvarez/backpack-bcgow6-natalia-alvarez/testing/go_web/internal/products/repository.go:37.47,41.2 1 0
github.com/nataliabalvarez/backpack-bcgow6-natalia-alvarez/testing/go_web/internal/products/repository.go:43.149,52.39 5 0
github.com/nataliabalvarez/backpack-bcgow6-natalia-alvarez/testing/go_web/internal/products/repository.go:56.2,58.18 2 0
github.com/nataliabalvarez/backpack-bcgow6-natalia-alvarez/testing/go_web/internal/products/repository.go:52.39,54.3 1 0
github.com/nataliabalvarez/backpack-bcgow6-natalia-alvarez/testing/go_web/internal/products/repository.go:61.51,64.16 3 0
github.com/nataliabalvarez/backpack-bcgow6-natalia-alvarez/testing/go_web/internal/products/repository.go:67.2,67.20 1 0
github.com/nataliabalvarez/backpack-bcgow6-natalia-alvarez/testing/go_web/internal/products/repository.go:72.2,72.63 1 0
github.com/nataliabalvarez/backpack-bcgow6-natalia-alvarez/testing/go_web/internal/products/repository.go:64.16,66.3 1 0
github.com/nataliabalvarez/backpack-bcgow6-natalia-alvarez/testing/go_web/internal/products/repository.go:67.20,68.21 1 0
github.com/nataliabalvarez/backpack-bcgow6-natalia-alvarez/testing/go_web/internal/products/repository.go:68.21,70.4 1 0
github.com/nataliabalvarez/backpack-bcgow6-natalia-alvarez/testing/go_web/internal/products/repository.go:75.50,78.16 3 0
github.com/nataliabalvarez/backpack-bcgow6-natalia-alvarez/testing/go_web/internal/products/repository.go:81.2,81.16 1 0
github.com/nataliabalvarez/backpack-bcgow6-natalia-alvarez/testing/go_web/internal/products/repository.go:78.16,80.3 1 0
github.com/nataliabalvarez/backpack-bcgow6-natalia-alvarez/testing/go_web/internal/products/repository.go:84.44,88.16 3 0
github.com/nataliabalvarez/backpack-bcgow6-natalia-alvarez/testing/go_web/internal/products/repository.go:91.2,91.18 1 0
github.com/nataliabalvarez/backpack-bcgow6-natalia-alvarez/testing/go_web/internal/products/repository.go:95.2,95.30 1 0
github.com/nataliabalvarez/backpack-bcgow6-natalia-alvarez/testing/go_web/internal/products/repository.go:88.16,90.3 1 0
github.com/nataliabalvarez/backpack-bcgow6-natalia-alvarez/testing/go_web/internal/products/repository.go:91.18,93.3 1 0
github.com/nataliabalvarez/backpack-bcgow6-natalia-alvarez/testing/go_web/internal/products/repository.go:98.147,102.16 4 0
github.com/nataliabalvarez/backpack-bcgow6-natalia-alvarez/testing/go_web/internal/products/repository.go:105.2,105.20 1 0
github.com/nataliabalvarez/backpack-bcgow6-natalia-alvarez/testing/go_web/internal/products/repository.go:112.2,112.63 1 0
github.com/nataliabalvarez/backpack-bcgow6-natalia-alvarez/testing/go_web/internal/products/repository.go:102.16,104.3 1 0
github.com/nataliabalvarez/backpack-bcgow6-natalia-alvarez/testing/go_web/internal/products/repository.go:105.20,106.21 1 0
github.com/nataliabalvarez/backpack-bcgow6-natalia-alvarez/testing/go_web/internal/products/repository.go:106.21,110.4 2 0
github.com/nataliabalvarez/backpack-bcgow6-natalia-alvarez/testing/go_web/internal/products/repository.go:115.149,118.16 3 0
github.com/nataliabalvarez/backpack-bcgow6-natalia-alvarez/testing/go_web/internal/products/repository.go:121.2,121.20 1 0
github.com/nataliabalvarez/backpack-bcgow6-natalia-alvarez/testing/go_web/internal/products/repository.go:149.2,149.63 1 0
github.com/nataliabalvarez/backpack-bcgow6-natalia-alvarez/testing/go_web/internal/products/repository.go:118.16,120.3 1 0
github.com/nataliabalvarez/backpack-bcgow6-natalia-alvarez/testing/go_web/internal/products/repository.go:121.20,122.21 1 0
github.com/nataliabalvarez/backpack-bcgow6-natalia-alvarez/testing/go_web/internal/products/repository.go:122.21,123.18 1 0
github.com/nataliabalvarez/backpack-bcgow6-natalia-alvarez/testing/go_web/internal/products/repository.go:126.4,126.19 1 0
github.com/nataliabalvarez/backpack-bcgow6-natalia-alvarez/testing/go_web/internal/products/repository.go:129.4,129.18 1 0
github.com/nataliabalvarez/backpack-bcgow6-natalia-alvarez/testing/go_web/internal/products/repository.go:132.4,132.18 1 0
github.com/nataliabalvarez/backpack-bcgow6-natalia-alvarez/testing/go_web/internal/products/repository.go:135.4,135.18 1 0
github.com/nataliabalvarez/backpack-bcgow6-natalia-alvarez/testing/go_web/internal/products/repository.go:138.4,138.17 1 0
github.com/nataliabalvarez/backpack-bcgow6-natalia-alvarez/testing/go_web/internal/products/repository.go:141.4,141.26 1 0
github.com/nataliabalvarez/backpack-bcgow6-natalia-alvarez/testing/go_web/internal/products/repository.go:145.4,145.21 1 0
github.com/nataliabalvarez/backpack-bcgow6-natalia-alvarez/testing/go_web/internal/products/repository.go:123.18,125.5 1 0
github.com/nataliabalvarez/backpack-bcgow6-natalia-alvarez/testing/go_web/internal/products/repository.go:126.19,128.5 1 0
github.com/nataliabalvarez/backpack-bcgow6-natalia-alvarez/testing/go_web/internal/products/repository.go:129.18,131.5 1 0
github.com/nataliabalvarez/backpack-bcgow6-natalia-alvarez/testing/go_web/internal/products/repository.go:132.18,134.5 1 0
github.com/nataliabalvarez/backpack-bcgow6-natalia-alvarez/testing/go_web/internal/products/repository.go:135.18,137.5 1 0
github.com/nataliabalvarez/backpack-bcgow6-natalia-alvarez/testing/go_web/internal/products/repository.go:138.17,140.5 1 0
github.com/nataliabalvarez/backpack-bcgow6-natalia-alvarez/testing/go_web/internal/products/repository.go:141.26,143.5 1 0
github.com/nataliabalvarez/backpack-bcgow6-natalia-alvarez/testing/go_web/internal/products/repository.go:152.43,155.16 3 0
github.com/nataliabalvarez/backpack-bcgow6-natalia-alvarez/testing/go_web/internal/products/repository.go:158.2,158.20 1 0
github.com/nataliabalvarez/backpack-bcgow6-natalia-alvarez/testing/go_web/internal/products/repository.go:164.2,164.52 1 0
github.com/nataliabalvarez/backpack-bcgow6-natalia-alvarez/testing/go_web/internal/products/repository.go:155.16,157.3 1 0
github.com/nataliabalvarez/backpack-bcgow6-natalia-alvarez/testing/go_web/internal/products/repository.go:158.20,159.21 1 0
github.com/nataliabalvarez/backpack-bcgow6-natalia-alvarez/testing/go_web/internal/products/repository.go:159.21,162.4 2 0
github.com/nataliabalvarez/backpack-bcgow6-natalia-alvarez/testing/go_web/internal/products/service.go:7.39,11.2 1 0
github.com/nataliabalvarez/backpack-bcgow6-natalia-alvarez/testing/go_web/internal/products/service.go:22.138,25.16 2 0
github.com/nataliabalvarez/backpack-bcgow6-natalia-alvarez/testing/go_web/internal/products/service.go:29.2,32.16 3 0
github.com/nataliabalvarez/backpack-bcgow6-natalia-alvarez/testing/go_web/internal/products/service.go:35.2,35.21 1 0
github.com/nataliabalvarez/backpack-bcgow6-natalia-alvarez/testing/go_web/internal/products/service.go:25.16,27.3 1 0
github.com/nataliabalvarez/backpack-bcgow6-natalia-alvarez/testing/go_web/internal/products/service.go:32.16,34.3 1 0
github.com/nataliabalvarez/backpack-bcgow6-natalia-alvarez/testing/go_web/internal/products/service.go:38.48,40.2 1 0
github.com/nataliabalvarez/backpack-bcgow6-natalia-alvarez/testing/go_web/internal/products/service.go:42.47,44.16 2 0
github.com/nataliabalvarez/backpack-bcgow6-natalia-alvarez/testing/go_web/internal/products/service.go:47.2,47.22 1 0
github.com/nataliabalvarez/backpack-bcgow6-natalia-alvarez/testing/go_web/internal/products/service.go:44.16,46.3 1 0
github.com/nataliabalvarez/backpack-bcgow6-natalia-alvarez/testing/go_web/internal/products/service.go:50.144,54.16 2 0
github.com/nataliabalvarez/backpack-bcgow6-natalia-alvarez/testing/go_web/internal/products/service.go:58.2,58.21 1 0
github.com/nataliabalvarez/backpack-bcgow6-natalia-alvarez/testing/go_web/internal/products/service.go:54.16,56.3 1 0
github.com/nataliabalvarez/backpack-bcgow6-natalia-alvarez/testing/go_web/internal/products/service.go:61.146,63.16 2 0
github.com/nataliabalvarez/backpack-bcgow6-natalia-alvarez/testing/go_web/internal/products/service.go:67.2,67.21 1 0
github.com/nataliabalvarez/backpack-bcgow6-natalia-alvarez/testing/go_web/internal/products/service.go:63.16,65.3 1 0
github.com/nataliabalvarez/backpack-bcgow6-natalia-alvarez/testing/go_web/internal/products/service.go:70.40,72.2 1 0
